pose_estimation_android_app-main/android/app/build/intermediates/manifest_merge_blame_file/debug/manifest-merger-blame-debug-report.txt
1<?xml version="1.0" encoding="utf-8"?>
2<manifest xmlns:android="http://schemas.android.com/apk/res/android"
3    package="com.google.mlkit.vision.demo"
4    android:installLocation="auto"
5    android:versionCode="11"
6    android:versionName="1.11" >
7    <!--
8 CameraX libraries require minSdkVersion 21, while this quickstart app
9    supports low to 16. Needs to use overrideLibrary to make the merger tool
10    ignore this conflict and import the libraries while keeping the app's lower
11    minSdkVersion value. In code, will check SDK version, before calling CameraX
12    APIs.
13    -->
14    <uses-sdk
14-->src/main/AndroidManifest.xml:13:5-16:63
15        android:minSdkVersion="19"
15-->src/main/AndroidManifest.xml:13:5-16:63
16        android:targetSdkVersion="33" />
16-->src/main/AndroidManifest.xml:13:5-16:63
17
18    <uses-feature android:name="android.hardware.camera" />
18-->src/main/AndroidManifest.xml:18:5-59
18-->src/main/AndroidManifest.xml:18:19-57
19
20    <uses-permission android:name="android.permission.INTERNET" />
20-->src/main/AndroidManifest.xml:20:5-66
20-->src/main/AndroidManifest.xml:20:22-64
21    <uses-permission android:name="android.permission.WRITE_EXTERNAL_STORAGE" />
21-->src/main/AndroidManifest.xml:22:5-80
21-->src/main/AndroidManifest.xml:22:22-78
22    <uses-permission android:name="android.permission.READ_EXTERNAL_STORAGE" />
22-->src/main/AndroidManifest.xml:23:5-79
22-->src/main/AndroidManifest.xml:23:22-77
23    <uses-permission android:name="android.permission.CAMERA" />
23-->src/main/AndroidManifest.xml:24:5-64
23-->src/main/AndroidManifest.xml:24:22-62
24    <!-- Permissions of internet -->
25
26    <uses-permission android:name="android.permission.ACCESS_NETWORK_STATE" />
26-->src/main/AndroidManifest.xml:27:5-79
26-->src/main/AndroidManifest.xml:27:22-76
27
28    <application
28-->src/main/AndroidManifest.xml:30:5-68:19
29        android:name="androidx.multidex.MultiDexApplication"
29-->src/main/AndroidManifest.xml:31:9-61
30        android:allowBackup="false"
30-->src/main/AndroidManifest.xml:36:9-36
31        android:appComponentFactory="androidx.core.app.CoreComponentFactory"
31-->[androidx.core:core:1.3.0] AndroidManifest.xml:24:18-86
32        android:debuggable="true"
33        android:icon="@drawable/logo_mlkit"
33-->src/main/AndroidManifest.xml:32:9-44
34        android:label="@string/app_name"
34-->src/main/AndroidManifest.xml:33:9-41
35        android:requestLegacyExternalStorage="true"
35-->src/main/AndroidManifest.xml:34:9-52
36        android:testOnly="true"
37        android:theme="@style/Theme.AppCompat" >
37-->src/main/AndroidManifest.xml:35:9-47
38        <meta-data
38-->src/main/AndroidManifest.xml:38:9-40:68
39            android:name="com.google.android.gms.version"
39-->src/main/AndroidManifest.xml:39:13-58
40            android:value="@integer/google_play_services_version" />
40-->src/main/AndroidManifest.xml:40:13-66
41
42        <!--
43          Optional: Add it to automatically download ML model to device after
44          your app is installed.
45        -->
46        <meta-data
46-->src/main/AndroidManifest.xml:44:9-46:51
47            android:name="com.google.mlkit.vision.DEPENDENCIES"
47-->src/main/AndroidManifest.xml:45:13-64
48            android:value="barcode,face,ocr,ica" />
48-->src/main/AndroidManifest.xml:46:13-49
49
50        <activity
50-->src/main/AndroidManifest.xml:48:9-56:20
51            android:name="com.google.mlkit.vision.demo.EntryChoiceActivity"
51-->src/main/AndroidManifest.xml:49:13-48
52            android:exported="true"
52-->src/main/AndroidManifest.xml:50:13-36
53            android:theme="@style/AppTheme" >
53-->src/main/AndroidManifest.xml:51:13-44
54            <intent-filter>
54-->src/main/AndroidManifest.xml:52:13-55:29
55                <action android:name="android.intent.action.MAIN" />
55-->src/main/AndroidManifest.xml:53:17-68
55-->src/main/AndroidManifest.xml:53:25-66
56
57                <category android:name="android.intent.category.LAUNCHER" />
57-->src/main/AndroidManifest.xml:54:17-76
57-->src/main/AndroidManifest.xml:54:27-74
58            </intent-filter>
59        </activity>
60        <activity
60-->src/main/AndroidManifest.xml:58:9-62:20
61            android:name="com.google.mlkit.vision.demo.java.LivePreviewActivity"
61-->src/main/AndroidManifest.xml:59:13-53
62            android:exported="true"
62-->src/main/AndroidManifest.xml:60:13-36
63            android:theme="@style/AppTheme" >
63-->src/main/AndroidManifest.xml:61:13-44
64        </activity>
65        <activity
65-->src/main/AndroidManifest.xml:64:9-66:39
66            android:name="com.google.mlkit.vision.demo.preference.SettingsActivity"
66-->src/main/AndroidManifest.xml:65:13-56
67            android:exported="false" />
67-->src/main/AndroidManifest.xml:66:13-37
68
69        <service
69-->[com.google.mlkit:object-detection:16.2.1] AndroidManifest.xml:8:9-14:19
70            android:name="com.google.mlkit.common.internal.MlKitComponentDiscoveryService"
70-->[com.google.mlkit:object-detection:16.2.1] AndroidManifest.xml:9:13-91
71            android:directBootAware="true"
71-->[com.google.mlkit:common:17.0.0] AndroidManifest.xml:17:13-43
72            android:exported="false" >
72-->[com.google.mlkit:object-detection:16.2.1] AndroidManifest.xml:10:13-37
73            <meta-data
73-->[com.google.mlkit:object-detection:16.2.1] AndroidManifest.xml:11:13-13:85
74                android:name="com.google.firebase.components:com.google.mlkit.vision.objects.defaults.internal.DefaultObjectsRegistrar"
74-->[com.google.mlkit:object-detection:16.2.1] AndroidManifest.xml:12:17-136
75                android:value="com.google.firebase.components.ComponentRegistrar" />
75-->[com.google.mlkit:object-detection:16.2.1] AndroidManifest.xml:13:17-82
76            <meta-data
76-->[com.google.mlkit:object-detection-custom:16.2.1] AndroidManifest.xml:11:13-13:85
77                android:name="com.google.firebase.components:com.google.mlkit.vision.objects.custom.internal.CustomObjectsRegistrar"
77-->[com.google.mlkit:object-detection-custom:16.2.1] AndroidManifest.xml:12:17-133
78                android:value="com.google.firebase.components.ComponentRegistrar" />
78-->[com.google.mlkit:object-detection-custom:16.2.1] AndroidManifest.xml:13:17-82
79            <meta-data
79-->[com.google.android.gms:play-services-mlkit-text-recognition:16.1.1] AndroidManifest.xml:12:13-14:85
80                android:name="com.google.firebase.components:com.google.mlkit.vision.text.internal.TextRegistrar"
80-->[com.google.android.gms:play-services-mlkit-text-recognition:16.1.1] AndroidManifest.xml:13:17-114
81                android:value="com.google.firebase.components.ComponentRegistrar" />
81-->[com.google.android.gms:play-services-mlkit-text-recognition:16.1.1] AndroidManifest.xml:14:17-82
82            <meta-data
82-->[com.google.mlkit:image-labeling-automl:16.2.1] AndroidManifest.xml:11:13-13:85
83                android:name="com.google.firebase.components:com.google.mlkit.vision.label.automl.internal.AutoMLLabelRegistrar"
83-->[com.google.mlkit:image-labeling-automl:16.2.1] AndroidManifest.xml:12:17-129
84                android:value="com.google.firebase.components.ComponentRegistrar" />
84-->[com.google.mlkit:image-labeling-automl:16.2.1] AndroidManifest.xml:13:17-82
85            <meta-data
85-->[com.google.mlkit:image-labeling:17.0.0] AndroidManifest.xml:11:13-13:85
86                android:name="com.google.firebase.components:com.google.mlkit.vision.label.defaults.internal.BundledLabelRegistrar"
86-->[com.google.mlkit:image-labeling:17.0.0] AndroidManifest.xml:12:17-132
87                android:value="com.google.firebase.components.ComponentRegistrar" />
87-->[com.google.mlkit:image-labeling:17.0.0] AndroidManifest.xml:13:17-82
88            <meta-data
88-->[com.google.mlkit:image-labeling-custom:16.2.1] AndroidManifest.xml:11:13-13:85
89                android:name="com.google.firebase.components:com.google.mlkit.vision.label.custom.internal.CustomLabelRegistrar"
89-->[com.google.mlkit:image-labeling-custom:16.2.1] AndroidManifest.xml:12:17-129
90                android:value="com.google.firebase.components.ComponentRegistrar" />
90-->[com.google.mlkit:image-labeling-custom:16.2.1] AndroidManifest.xml:13:17-82
91            <meta-data
91-->[com.google.android.gms:play-services-mlkit-barcode-scanning:16.1.2] AndroidManifest.xml:12:13-14:85
92                android:name="com.google.firebase.components:com.google.mlkit.vision.barcode.internal.BarcodeRegistrar"
92-->[com.google.android.gms:play-services-mlkit-barcode-scanning:16.1.2] AndroidManifest.xml:13:17-120
93                android:value="com.google.firebase.components.ComponentRegistrar" />
93-->[com.google.android.gms:play-services-mlkit-barcode-scanning:16.1.2] AndroidManifest.xml:14:17-82
94            <meta-data
94-->[com.google.android.gms:play-services-mlkit-face-detection:16.1.1] AndroidManifest.xml:12:13-14:85
95                android:name="com.google.firebase.components:com.google.mlkit.vision.face.internal.FaceRegistrar"
95-->[com.google.android.gms:play-services-mlkit-face-detection:16.1.1] AndroidManifest.xml:13:17-114
96                android:value="com.google.firebase.components.ComponentRegistrar" />
96-->[com.google.android.gms:play-services-mlkit-face-detection:16.1.1] AndroidManifest.xml:14:17-82
97            <meta-data
97-->[com.google.mlkit:vision-internal-vkp:17.0.1] AndroidManifest.xml:11:13-13:85
98                android:name="com.google.firebase.components:com.google.mlkit.vision.vkp.VkpRegistrar"
98-->[com.google.mlkit:vision-internal-vkp:17.0.1] AndroidManifest.xml:12:17-103
99                android:value="com.google.firebase.components.ComponentRegistrar" />
99-->[com.google.mlkit:vision-internal-vkp:17.0.1] AndroidManifest.xml:13:17-82
100            <meta-data
100-->[com.google.mlkit:pose-detection-common:17.0.0] AndroidManifest.xml:11:13-13:85
101                android:name="com.google.firebase.components:com.google.mlkit.vision.pose.internal.PoseRegistrar"
101-->[com.google.mlkit:pose-detection-common:17.0.0] AndroidManifest.xml:12:17-114
102                android:value="com.google.firebase.components.ComponentRegistrar" />
102-->[com.google.mlkit:pose-detection-common:17.0.0] AndroidManifest.xml:13:17-82
103            <meta-data
103-->[com.google.mlkit:vision-common:16.1.0] AndroidManifest.xml:12:13-14:85
104                android:name="com.google.firebase.components:com.google.mlkit.vision.common.internal.VisionCommonRegistrar"
104-->[com.google.mlkit:vision-common:16.1.0] AndroidManifest.xml:13:17-124
105                android:value="com.google.firebase.components.ComponentRegistrar" />
105-->[com.google.mlkit:vision-common:16.1.0] AndroidManifest.xml:14:17-82
106            <meta-data
106-->[com.google.mlkit:common:17.0.0] AndroidManifest.xml:20:13-22:85
107                android:name="com.google.firebase.components:com.google.mlkit.common.internal.CommonComponentRegistrar"
107-->[com.google.mlkit:common:17.0.0] AndroidManifest.xml:21:17-120
108                android:value="com.google.firebase.components.ComponentRegistrar" />
108-->[com.google.mlkit:common:17.0.0] AndroidManifest.xml:22:17-82
109        </service>
110
111        <activity
111-->[gun0912.ted:tedpermission:2.2.2] AndroidManifest.xml:10:9-14:67
112            android:name="com.gun0912.tedpermission.TedPermissionActivity"
112-->[gun0912.ted:tedpermission:2.2.2] AndroidManifest.xml:11:13-75
113            android:configChanges="mcc|mnc|locale|keyboard|keyboardHidden|screenLayout|fontScale|uiMode|orientation|screenSize|layoutDirection"
113-->[gun0912.ted:tedpermission:2.2.2] AndroidManifest.xml:12:13-144
114            android:screenOrientation="unspecified"
114-->[gun0912.ted:tedpermission:2.2.2] AndroidManifest.xml:13:13-52
115            android:theme="@style/Theme.Transparent.Permission" />
115-->[gun0912.ted:tedpermission:2.2.2] AndroidManifest.xml:14:13-64
116
117        <provider
117-->[com.google.mlkit:common:17.0.0] AndroidManifest.xml:9:9-13:38
118            android:name="com.google.mlkit.common.internal.MlKitInitProvider"
118-->[com.google.mlkit:common:17.0.0] AndroidManifest.xml:10:13-78
119            android:authorities="com.google.mlkit.vision.demo.mlkitinitprovider"
119-->[com.google.mlkit:common:17.0.0] AndroidManifest.xml:11:13-69
120            android:exported="false"
120-->[com.google.mlkit:common:17.0.0] AndroidManifest.xml:12:13-37
121            android:initOrder="99" />
121-->[com.google.mlkit:common:17.0.0] AndroidManifest.xml:13:13-35
122
123        <activity
123-->[com.google.android.gms:play-services-base:17.0.0] AndroidManifest.xml:23:9-26:75
124            android:name="com.google.android.gms.common.api.GoogleApiActivity"
124-->[com.google.android.gms:play-services-base:17.0.0] AndroidManifest.xml:24:13-79
125            android:exported="false"
125-->[com.google.android.gms:play-services-base:17.0.0] AndroidManifest.xml:25:13-37
126            android:theme="@android:style/Theme.Translucent.NoTitleBar" />
126-->[com.google.android.gms:play-services-base:17.0.0] AndroidManifest.xml:26:13-72
127
128        <provider
128-->[androidx.lifecycle:lifecycle-process:2.1.0] AndroidManifest.xml:23:9-27:43
129            android:name="androidx.lifecycle.ProcessLifecycleOwnerInitializer"
129-->[androidx.lifecycle:lifecycle-process:2.1.0] AndroidManifest.xml:24:13-79
130            android:authorities="com.google.mlkit.vision.demo.lifecycle-process"
130-->[androidx.lifecycle:lifecycle-process:2.1.0] AndroidManifest.xml:25:13-69
131            android:exported="false"
131-->[androidx.lifecycle:lifecycle-process:2.1.0] AndroidManifest.xml:26:13-37
132            android:multiprocess="true" />
132-->[androidx.lifecycle:lifecycle-process:2.1.0] AndroidManifest.xml:27:13-40
133    </application>
134
135</manifest>